<!DOCTYPE html PUBLIC "-//W3C//DTD XHTML 1.1//EN" "http://www.w3.org/TR/xhtml11/DTD/xhtml11.dtd">
<html xmlns="http://www.w3.org/1999/xhtml">
<head>
<meta http-equiv="content-type" content="text/html; charset=UTF-8"/>
<title>TestNG Report</title>
<style type="text/css">table {margin-bottom:10px;border-collapse:collapse;empty-cells:show}th,td {border:1px solid #009;padding:.25em .5em}th {vertical-align:bottom}td {vertical-align:top}table a {font-weight:bold}.stripe td {background-color: #E6EBF9}.num {text-align:right}.passedodd td {background-color: #3F3}.passedeven td {background-color: #0A0}.skippedodd td {background-color: #DDD}.skippedeven td {background-color: #CCC}.failedodd td,.attn {background-color: #F33}.failedeven td,.stripe .attn {background-color: #D00}.stacktrace {white-space:pre;font-family:monospace}.totop {font-size:85%;text-align:center;border-bottom:2px solid #000}.invisible {display:none}</style>
</head>
<body>
<table>
<tr><th>Test</th><th># Passed</th><th># Skipped</th><th># Failed</th><th>Time (ms)</th><th>Included Groups</th><th>Excluded Groups</th></tr>
<tr><th colspan="7">Regression Suite</th></tr>
<tr><td><a href="#t0">RestAssured Test</a></td><td class="num">9</td><td class="num">0</td><td class="num attn">4</td><td class="num">18,607</td><td></td><td></td></tr>
</table>
<table id='summary'><thead><tr><th>Class</th><th>Method</th><th>Start</th><th>Time (ms)</th></tr></thead><tbody><tr><th colspan="4">Regression Suite</th></tr></tbody><tbody id="t0"><tr><th colspan="4">RestAssured Test &#8212; failed</th></tr><tr class="failedeven"><td rowspan="2">com.icreon.customer.customerProfileInformationTest</td><td><a href="#m0">TC_001_Passing0InPath</a></td><td rowspan="1">1528197303912</td><td rowspan="1">5587</td></tr><tr class="failedeven"><td><a href="#m1">TC_002_PassingProfileIDinPath</a></td><td rowspan="1">1528197309538</td><td rowspan="1">520</td></tr><tr class="failedodd"><td rowspan="1">com.icreon.customer.kidTest</td><td><a href="#m2">TC_001_SavingANewKid</a></td><td rowspan="1">1528197313193</td><td rowspan="1">1461</td></tr><tr class="failedeven"><td rowspan="1">com.icreon.customer.stravaUpdateTest</td><td><a href="#m3">TC_002_UsingExsitingStravaId</a></td><td rowspan="1">1528197319166</td><td rowspan="1">877</td></tr><tr><th colspan="4">RestAssured Test &#8212; passed</th></tr><tr class="passedeven"><td rowspan="2">com.icreon.customer.MileagePlusRewardNumberTest</td><td><a href="#m4">TC_001_MileageNumberAlreadyExist</a></td><td rowspan="1">1528197314657</td><td rowspan="1">3121</td></tr><tr class="passedeven"><td><a href="#m5">TC_002_MileageNumberNotValid</a></td><td rowspan="1">1528197317780</td><td rowspan="1">489</td></tr><tr class="passedodd"><td rowspan="6">com.icreon.customer.customerProfileInformationTest</td><td><a href="#m6">TC_003_PassingWrongProfileIDinPath</a></td><td rowspan="1">1528197310062</td><td rowspan="1">496</td></tr><tr class="passedodd"><td><a href="#m7">TC_004_requestWithoutAuthorization</a></td><td rowspan="1">1528197310561</td><td rowspan="1">585</td></tr><tr class="passedodd"><td><a href="#m8">TC_005_requestWithoutX_Fred_Auth</a></td><td rowspan="1">1528197311147</td><td rowspan="1">466</td></tr><tr class="passedodd"><td><a href="#m9">TC_006_requestWithoutCustomerId</a></td><td rowspan="1">1528197311615</td><td rowspan="1">466</td></tr><tr class="passedodd"><td><a href="#m10">TC_007_mismatchedCustomerId</a></td><td rowspan="1">1528197312082</td><td rowspan="1">469</td></tr><tr class="passedodd"><td><a href="#m11">custProfileInfo</a></td><td rowspan="1">1528197312554</td><td rowspan="1">636</td></tr><tr class="passedeven"><td rowspan="1">com.icreon.customer.stravaUpdateTest</td><td><a href="#m12">TC_001_PassingAllParametersCorrectly</a></td><td rowspan="1">1528197318272</td><td rowspan="1">892</td></tr></tbody>
</table>
<h2>RestAssured Test</h2><h3 id="m0">com.icreon.customer.customerProfileInformationTest#TC_001_Passing0InPath</h3><table class="result"><tr><th>Exception</th></tr><tr><td><div class="stacktrace">java.lang.AssertionError: expected [404] but found [200]
	at com.icreon.customer.customerProfileInformationTest.TC_001_Passing0InPath(customerProfileInformationTest.java:71)
... Removed 31 stack frames</div></td></tr></table><p class="totop"><a href="#summary">back to summary</a></p>
<h3 id="m1">com.icreon.customer.customerProfileInformationTest#TC_002_PassingProfileIDinPath</h3><table class="result"><tr><th>Exception</th></tr><tr><td><div class="stacktrace">java.lang.AssertionError: expected [404] but found [200]
	at com.icreon.customer.customerProfileInformationTest.TC_002_PassingProfileIDinPath(customerProfileInformationTest.java:91)
... Removed 31 stack frames</div></td></tr></table><p class="totop"><a href="#summary">back to summary</a></p>
<h3 id="m2">com.icreon.customer.kidTest#TC_001_SavingANewKid</h3><table class="result"><tr><th>Exception</th></tr><tr><td><div class="stacktrace">java.lang.AssertionError: expected [Success] but found [Record already exist]
	at com.icreon.customer.kidTest.TC_001_SavingANewKid(kidTest.java:63)
... Removed 31 stack frames</div></td></tr></table><p class="totop"><a href="#summary">back to summary</a></p>
<h3 id="m3">com.icreon.customer.stravaUpdateTest#TC_002_UsingExsitingStravaId</h3><table class="result"><tr><th>Exception</th></tr><tr><td><div class="stacktrace">java.lang.AssertionError: expected [Success] but found [Starva Id already exist]
	at com.icreon.customer.stravaUpdateTest.TC_002_UsingExsitingStravaId(stravaUpdateTest.java:80)
... Removed 31 stack frames</div></td></tr></table><p class="totop"><a href="#summary">back to summary</a></p>
<h3 id="m4">com.icreon.customer.MileagePlusRewardNumberTest#TC_001_MileageNumberAlreadyExist</h3><table class="result"><tr><th class="invisible"/></tr></table><p class="totop"><a href="#summary">back to summary</a></p>
<h3 id="m5">com.icreon.customer.MileagePlusRewardNumberTest#TC_002_MileageNumberNotValid</h3><table class="result"><tr><th class="invisible"/></tr></table><p class="totop"><a href="#summary">back to summary</a></p>
<h3 id="m6">com.icreon.customer.customerProfileInformationTest#TC_003_PassingWrongProfileIDinPath</h3><table class="result"><tr><th class="invisible"/></tr></table><p class="totop"><a href="#summary">back to summary</a></p>
<h3 id="m7">com.icreon.customer.customerProfileInformationTest#TC_004_requestWithoutAuthorization</h3><table class="result"><tr><th class="invisible"/></tr></table><p class="totop"><a href="#summary">back to summary</a></p>
<h3 id="m8">com.icreon.customer.customerProfileInformationTest#TC_005_requestWithoutX_Fred_Auth</h3><table class="result"><tr><th class="invisible"/></tr></table><p class="totop"><a href="#summary">back to summary</a></p>
<h3 id="m9">com.icreon.customer.customerProfileInformationTest#TC_006_requestWithoutCustomerId</h3><table class="result"><tr><th class="invisible"/></tr></table><p class="totop"><a href="#summary">back to summary</a></p>
<h3 id="m10">com.icreon.customer.customerProfileInformationTest#TC_007_mismatchedCustomerId</h3><table class="result"><tr><th class="invisible"/></tr></table><p class="totop"><a href="#summary">back to summary</a></p>
<h3 id="m11">com.icreon.customer.customerProfileInformationTest#custProfileInfo</h3><table class="result"><tr><th class="invisible"/></tr></table><p class="totop"><a href="#summary">back to summary</a></p>
<h3 id="m12">com.icreon.customer.stravaUpdateTest#TC_001_PassingAllParametersCorrectly</h3><table class="result"><tr><th class="invisible"/></tr></table><p class="totop"><a href="#summary">back to summary</a></p>
</body>
</html>
